c:\users\aaron\desktop\winter2021\gamedev\leaguewindows\leaguewindows\x64\debug\vc142.pdb
c:\users\aaron\desktop\winter2021\gamedev\leaguewindows\leaguewindows\x64\debug\vc142.idb
c:\users\aaron\desktop\winter2021\gamedev\leaguewindows\leaguewindows\x64\debug\utility.obj
c:\users\aaron\desktop\winter2021\gamedev\leaguewindows\leaguewindows\x64\debug\sprite.obj
c:\users\aaron\desktop\winter2021\gamedev\leaguewindows\leaguewindows\x64\debug\scene.obj
c:\users\aaron\desktop\winter2021\gamedev\leaguewindows\leaguewindows\x64\debug\player.obj
c:\users\aaron\desktop\winter2021\gamedev\leaguewindows\leaguewindows\x64\debug\main.obj
c:\users\aaron\desktop\winter2021\gamedev\leaguewindows\leaguewindows\x64\debug\interfaces.obj
c:\users\aaron\desktop\winter2021\gamedev\leaguewindows\leaguewindows\x64\debug\hud.obj
c:\users\aaron\desktop\winter2021\gamedev\leaguewindows\leaguewindows\x64\debug\engine.obj
c:\users\aaron\desktop\winter2021\gamedev\leaguewindows\leaguewindows\x64\debug\banana.obj
c:\users\aaron\desktop\winter2021\gamedev\leaguewindows\leaguewindows\x64\debug\animatedsprite.obj
c:\users\aaron\desktop\winter2021\gamedev\cs380_game\leaguewindows\x64\debug\vc142.pdb
c:\users\aaron\desktop\winter2021\gamedev\cs380_game\leaguewindows\x64\debug\vc142.idb
c:\users\aaron\desktop\winter2021\gamedev\cs380_game\leaguewindows\x64\debug\player.obj
c:\users\aaron\desktop\winter2021\gamedev\cs380_game\leaguewindows\x64\debug\utility.obj
c:\users\aaron\desktop\winter2021\gamedev\cs380_game\leaguewindows\x64\debug\sprite.obj
c:\users\aaron\desktop\winter2021\gamedev\cs380_game\leaguewindows\x64\debug\interfaces.obj
c:\users\aaron\desktop\winter2021\gamedev\cs380_game\leaguewindows\x64\debug\hud.obj
c:\users\aaron\desktop\winter2021\gamedev\cs380_game\leaguewindows\x64\debug\engine.obj
c:\users\aaron\desktop\winter2021\gamedev\cs380_game\leaguewindows\x64\debug\banana.obj
c:\users\aaron\desktop\winter2021\gamedev\cs380_game\leaguewindows\x64\debug\animatedsprite.obj
c:\users\aaron\desktop\winter2021\gamedev\cs380_game\leaguewindows\x64\debug\scene.obj
c:\users\aaron\desktop\winter2021\gamedev\cs380_game\leaguewindows\x64\debug\main.obj
c:\users\david\onedrive\documents\github\cs380_game\leaguewindows\x64\debug\vc142.pdb
c:\users\david\onedrive\documents\github\cs380_game\leaguewindows\x64\debug\vc142.idb
c:\users\david\onedrive\documents\github\cs380_game\leaguewindows\x64\debug\utility.obj
c:\users\david\onedrive\documents\github\cs380_game\leaguewindows\x64\debug\sprite.obj
c:\users\david\onedrive\documents\github\cs380_game\leaguewindows\x64\debug\scene.obj
c:\users\david\onedrive\documents\github\cs380_game\leaguewindows\x64\debug\player.obj
c:\users\david\onedrive\documents\github\cs380_game\leaguewindows\x64\debug\main.obj
c:\users\david\onedrive\documents\github\cs380_game\leaguewindows\x64\debug\interfaces.obj
c:\users\david\onedrive\documents\github\cs380_game\leaguewindows\x64\debug\hud.obj
c:\users\david\onedrive\documents\github\cs380_game\leaguewindows\x64\debug\engine.obj
c:\users\david\onedrive\documents\github\cs380_game\leaguewindows\x64\debug\banana.obj
c:\users\david\onedrive\documents\github\cs380_game\leaguewindows\x64\debug\animatedsprite.obj
c:\users\aaron\desktop\winter2021\gamedev\leaguewindows\x64\debug\leaguewindows.exe
c:\users\aaron\desktop\winter2021\gamedev\leaguewindows\x64\debug\leaguewindows.ilk
c:\users\aaron\desktop\winter2021\gamedev\leaguewindows\x64\debug\leaguewindows.pdb
c:\users\aaron\desktop\winter2021\gamedev\cs380_game\x64\debug\leaguewindows.exe
c:\users\aaron\desktop\winter2021\gamedev\cs380_game\x64\debug\leaguewindows.ilk
c:\users\aaron\desktop\winter2021\gamedev\cs380_game\x64\debug\leaguewindows.pdb
c:\users\david\onedrive\documents\github\cs380_game\x64\debug\leaguewindows.pdb
c:\users\david\onedrive\documents\github\cs380_game\leaguewindows\x64\debug\leaguewindows.tlog\cl.command.1.tlog
c:\users\david\onedrive\documents\github\cs380_game\leaguewindows\x64\debug\leaguewindows.tlog\cl.read.1.tlog
c:\users\david\onedrive\documents\github\cs380_game\leaguewindows\x64\debug\leaguewindows.tlog\cl.write.1.tlog
c:\users\david\onedrive\documents\github\cs380_game\leaguewindows\x64\debug\leaguewindows.tlog\link-cvtres.read.1.tlog
c:\users\david\onedrive\documents\github\cs380_game\leaguewindows\x64\debug\leaguewindows.tlog\link-cvtres.write.1.tlog
c:\users\david\onedrive\documents\github\cs380_game\leaguewindows\x64\debug\leaguewindows.tlog\link-rc.read.1.tlog
c:\users\david\onedrive\documents\github\cs380_game\leaguewindows\x64\debug\leaguewindows.tlog\link-rc.write.1.tlog
c:\users\david\onedrive\documents\github\cs380_game\leaguewindows\x64\debug\leaguewindows.tlog\link.command.1.tlog
c:\users\david\onedrive\documents\github\cs380_game\leaguewindows\x64\debug\leaguewindows.tlog\link.read.1.tlog
c:\users\david\onedrive\documents\github\cs380_game\leaguewindows\x64\debug\leaguewindows.tlog\link.write.1.tlog
